
*** Running vivado
    with args -log div_gen_0.vds -m64 -product Vivado -mode batch -messageDb vivado.pb -notrace -source div_gen_0.tcl


****** Vivado v2017.2 (64-bit)
  **** SW Build 1909853 on Thu Jun 15 18:39:09 MDT 2017
  **** IP Build 1909766 on Thu Jun 15 19:58:00 MDT 2017
    ** Copyright 1986-2017 Xilinx, Inc. All Rights Reserved.

source div_gen_0.tcl -notrace
Starting RTL Elaboration : Time (s): cpu = 00:00:06 ; elapsed = 00:00:07 . Memory (MB): peak = 522.242 ; gain = 0.000
INFO: [Synth 8-638] synthesizing module 'div_gen_0' [c:/Users/pedro/Documents/arm7/tcc-arm7.srcs/sources_1/ip/div_gen_0/synth/div_gen_0.vhd:72]
INFO: [Synth 8-256] done synthesizing module 'div_gen_0' (12#1) [c:/Users/pedro/Documents/arm7/tcc-arm7.srcs/sources_1/ip/div_gen_0/synth/div_gen_0.vhd:72]
Finished RTL Elaboration : Time (s): cpu = 00:00:13 ; elapsed = 00:00:14 . Memory (MB): peak = 522.242 ; gain = 0.000
Finished RTL Optimization Phase 1 : Time (s): cpu = 00:00:13 ; elapsed = 00:00:14 . Memory (MB): peak = 522.242 ; gain = 0.000
INFO: [Device 21-403] Loading part xcku5p-ffvb676-2-e
Constraint Validation Runtime : Time (s): cpu = 00:00:00 ; elapsed = 00:00:00.081 . Memory (MB): peak = 1150.578 ; gain = 0.000
Finished Constraint Validation : Time (s): cpu = 00:00:29 ; elapsed = 00:00:32 . Memory (MB): peak = 1150.578 ; gain = 628.336
Finished Loading Part and Timing Information : Time (s): cpu = 00:00:29 ; elapsed = 00:00:32 . Memory (MB): peak = 1150.578 ; gain = 628.336
Finished applying 'set_property' XDC Constraints : Time (s): cpu = 00:00:29 ; elapsed = 00:00:32 . Memory (MB): peak = 1150.578 ; gain = 628.336
Finished RTL Optimization Phase 2 : Time (s): cpu = 00:00:30 ; elapsed = 00:00:34 . Memory (MB): peak = 1150.578 ; gain = 628.336
Finished Cross Boundary and Area Optimization : Time (s): cpu = 00:00:33 ; elapsed = 00:00:37 . Memory (MB): peak = 1150.578 ; gain = 628.336
Finished Applying XDC Timing Constraints : Time (s): cpu = 00:00:58 ; elapsed = 00:01:03 . Memory (MB): peak = 1717.676 ; gain = 1195.434
Finished Timing Optimization : Time (s): cpu = 00:00:58 ; elapsed = 00:01:04 . Memory (MB): peak = 1728.816 ; gain = 1206.574
Finished Technology Mapping : Time (s): cpu = 00:00:59 ; elapsed = 00:01:05 . Memory (MB): peak = 1744.094 ; gain = 1221.852
Finished IO Insertion : Time (s): cpu = 00:01:00 ; elapsed = 00:01:06 . Memory (MB): peak = 1744.094 ; gain = 1221.852
Finished Renaming Generated Instances : Time (s): cpu = 00:01:00 ; elapsed = 00:01:06 . Memory (MB): peak = 1744.094 ; gain = 1221.852
Finished Rebuilding User Hierarchy : Time (s): cpu = 00:01:01 ; elapsed = 00:01:06 . Memory (MB): peak = 1744.094 ; gain = 1221.852
Finished Renaming Generated Ports : Time (s): cpu = 00:01:01 ; elapsed = 00:01:06 . Memory (MB): peak = 1744.094 ; gain = 1221.852
Finished Handling Custom Attributes : Time (s): cpu = 00:01:01 ; elapsed = 00:01:06 . Memory (MB): peak = 1744.094 ; gain = 1221.852
Finished Renaming Generated Nets : Time (s): cpu = 00:01:01 ; elapsed = 00:01:06 . Memory (MB): peak = 1744.094 ; gain = 1221.852

Report Cell Usage: 
+------+--------+------+
|      |Cell    |Count |
+------+--------+------+
|1     |CARRY8  |     9|
|2     |LUT1    |    76|
|3     |LUT2    |   102|
|4     |LUT3    |   552|
|5     |LUT4    |     1|
|6     |LUT5    |     3|
|7     |LUT6    |     8|
|8     |MUXCY   |   588|
|9     |SRLC32E |     4|
|10    |XORCY   |   588|
|11    |FDRE    |  1507|
+------+--------+------+
Finished Writing Synthesis Report : Time (s): cpu = 00:01:01 ; elapsed = 00:01:06 . Memory (MB): peak = 1744.094 ; gain = 1221.852
synth_design: Time (s): cpu = 00:01:04 ; elapsed = 00:01:11 . Memory (MB): peak = 1771.648 ; gain = 1249.406
