Unable to capture context for thread 1664 in process 976, can not generate back trace
Unable to capture context for thread 5092 in process 976, can not generate back trace
Exception at PC 0x00007FFD4C7ABB93
Printing stacktrace...

[0]  [0x00007FFD4C7ABB93]
[1]  [0x00007FFD4C7ABB93]
[2]  [0x00007FFD4C7AB4A1]
[3]  [0x00007FFD4C7AB3EF]
[4]  [0x00007FFD4C7919FE]
[5]  [0x00007FFD4C790ED1]
[6]  [0x00007FFD4C790D76]
[7]  [0x00007FFD4C7379F6]
[8]  [0x00007FFD4C727AFB]
[9]  [0x00007FFD4C84E90A]
[10]  [0x00007FFD4C869F87]
[11]  [0x00007FFD4C86A05F]
[12] (BaseThreadInitThunk+0x14) [0x00007FFDCCD72774]
[13] (RtlUserThreadStart+0x21) [0x00007FFDCF7A0D51]
Done
Exception at PC 0x00007FFD4C4B1A52
Attemped to write at address 0x00007FFD96E3ABA4
Printing stacktrace...

[0]  [0x00007FFD4C4B1A52]
[1]  [0x00007FFD4C4B1A52]
[2]  [0x00007FFD4C4B1AD4]
[3]  [0x00007FFD4C5F3FF7]
[4]  [0x00007FFD4C4D9128]
[5]  [0x00007FFD4C78DFB9]
[6]  [0x00007FFD4C95EF23]
[7]  [0x00007FFD4C86B06B]
[8]  [0x00007FFD4C8608AF]
[9]  [0x00007FFD4C860A32]
[10] (RtlDeactivateActivationContextUnsafeFast+0x1af) [0x00007FFDCF75485F]
[11] (LdrShutdownProcess+0x12c) [0x00007FFDCF77D43C]
[12] (RtlExitUserProcess+0xb4) [0x00007FFDCF77D2F4]
[13] (FatalExit+0xa) [0x00007FFDCCD7C0DA]
[14] (exit+0x75) [0x00007FFDCDAAA045]
[15] (initterm_e+0x21d) [0x00007FFDCDAAA68D]
[16]  [0x00000000004014CD]
[17]  [0x000000000040151B]
[18] (BaseThreadInitThunk+0x14) [0x00007FFDCCD72774]
[19] (RtlUserThreadStart+0x21) [0x00007FFDCF7A0D51]
Done
