
*** Running vivado
    with args -log div_gen_0.vds -m64 -product Vivado -mode batch -messageDb vivado.pb -notrace -source div_gen_0.tcl


****** Vivado v2017.2 (64-bit)
  **** SW Build 1909853 on Thu Jun 15 18:39:09 MDT 2017
  **** IP Build 1909766 on Thu Jun 15 19:58:00 MDT 2017
    ** Copyright 1986-2017 Xilinx, Inc. All Rights Reserved.

source div_gen_0.tcl -notrace
Starting RTL Elaboration : Time (s): cpu = 00:00:06 ; elapsed = 00:00:07 . Memory (MB): peak = 523.113 ; gain = 0.000
INFO: [Synth 8-638] synthesizing module 'div_gen_0' [c:/Users/pedro/Documents/arm7/tcc-arm7.srcs/sources_1/ip/div_gen_0/synth/div_gen_0.vhd:71]
INFO: [Synth 8-256] done synthesizing module 'div_gen_0' (12#1) [c:/Users/pedro/Documents/arm7/tcc-arm7.srcs/sources_1/ip/div_gen_0/synth/div_gen_0.vhd:71]
Finished RTL Elaboration : Time (s): cpu = 00:00:12 ; elapsed = 00:00:14 . Memory (MB): peak = 523.113 ; gain = 0.000
Finished RTL Optimization Phase 1 : Time (s): cpu = 00:00:12 ; elapsed = 00:00:14 . Memory (MB): peak = 523.113 ; gain = 0.000
INFO: [Device 21-403] Loading part xcku5p-ffvb676-2-e
Constraint Validation Runtime : Time (s): cpu = 00:00:00 ; elapsed = 00:00:00.075 . Memory (MB): peak = 1150.449 ; gain = 0.000
Finished Constraint Validation : Time (s): cpu = 00:00:29 ; elapsed = 00:00:35 . Memory (MB): peak = 1150.449 ; gain = 627.336
Finished Loading Part and Timing Information : Time (s): cpu = 00:00:29 ; elapsed = 00:00:35 . Memory (MB): peak = 1150.449 ; gain = 627.336
Finished applying 'set_property' XDC Constraints : Time (s): cpu = 00:00:29 ; elapsed = 00:00:35 . Memory (MB): peak = 1150.449 ; gain = 627.336
Finished RTL Optimization Phase 2 : Time (s): cpu = 00:00:31 ; elapsed = 00:00:37 . Memory (MB): peak = 1150.449 ; gain = 627.336
Finished Cross Boundary and Area Optimization : Time (s): cpu = 00:00:35 ; elapsed = 00:00:44 . Memory (MB): peak = 1150.449 ; gain = 627.336
Finished Applying XDC Timing Constraints : Time (s): cpu = 00:01:03 ; elapsed = 00:01:16 . Memory (MB): peak = 1718.539 ; gain = 1195.426
Finished Timing Optimization : Time (s): cpu = 00:01:03 ; elapsed = 00:01:17 . Memory (MB): peak = 1732.688 ; gain = 1209.574
Finished Technology Mapping : Time (s): cpu = 00:01:04 ; elapsed = 00:01:18 . Memory (MB): peak = 1746.086 ; gain = 1222.973
Finished IO Insertion : Time (s): cpu = 00:01:05 ; elapsed = 00:01:19 . Memory (MB): peak = 1746.086 ; gain = 1222.973
Finished Renaming Generated Instances : Time (s): cpu = 00:01:05 ; elapsed = 00:01:19 . Memory (MB): peak = 1746.086 ; gain = 1222.973
Finished Rebuilding User Hierarchy : Time (s): cpu = 00:01:06 ; elapsed = 00:01:20 . Memory (MB): peak = 1746.086 ; gain = 1222.973
Finished Renaming Generated Ports : Time (s): cpu = 00:01:06 ; elapsed = 00:01:20 . Memory (MB): peak = 1746.086 ; gain = 1222.973
Finished Handling Custom Attributes : Time (s): cpu = 00:01:06 ; elapsed = 00:01:20 . Memory (MB): peak = 1746.086 ; gain = 1222.973
Finished Renaming Generated Nets : Time (s): cpu = 00:01:06 ; elapsed = 00:01:20 . Memory (MB): peak = 1746.086 ; gain = 1222.973

Report Cell Usage: 
+------+--------+------+
|      |Cell    |Count |
+------+--------+------+
|1     |CARRY8  |     9|
|2     |LUT1    |    77|
|3     |LUT2    |   102|
|4     |LUT3    |   552|
|5     |LUT4    |     1|
|6     |LUT5    |     2|
|7     |LUT6    |     5|
|8     |MUXCY   |   588|
|9     |SRLC32E |     3|
|10    |XORCY   |   588|
|11    |FDRE    |  1915|
+------+--------+------+
Finished Writing Synthesis Report : Time (s): cpu = 00:01:06 ; elapsed = 00:01:20 . Memory (MB): peak = 1746.086 ; gain = 1222.973
synth_design: Time (s): cpu = 00:01:11 ; elapsed = 00:01:25 . Memory (MB): peak = 1773.516 ; gain = 1250.402
