Exception at PC 0x00007FFBF5289E08
Exception at PC 0x00007FFBF5289E08
Exception at PC 0x00007FFBF5289E08
Exception at PC 0x00007FFBF5289E08
Exception at PC 0x00007FFBF5289E08
Exception at PC 0x00007FFBF5289E08
Exception at PC 0x00007FFBF5289E08
Exception at PC 0x00007FFBF5289E08
Exception at PC 0x00007FFBF5289E08
Exception at PC 0x00007FFBF5289E08
Exception at PC 0x00007FFBF5289E08
Exception at PC 0x00007FFBF5289E08
Exception at PC 0x00007FFBF5289E08
Exception at PC 0x00007FFB7B721A52
Attemped to write at address 0x00007FFBC9C7ABA4
Printing stacktrace...

[0]  [0x00007FFB7B721A52]
[1]  [0x00007FFB7B721A52]
[2]  [0x00007FFB7B721AD4]
[3]  [0x00007FFB7B863FF7]
[4]  [0x00007FFB7B749128]
[5]  [0x00007FFB7B9FDFB9]
[6]  [0x00007FFB7BBCEF23]
[7]  [0x00007FFB7BADB06B]
[8]  [0x00007FFB7BAD08AF]
[9]  [0x00007FFB7BAD0A32]
[10] (RtlDeactivateActivationContextUnsafeFast+0x1af) [0x00007FFBF812485F]
[11] (LdrShutdownProcess+0x12c) [0x00007FFBF814D43C]
[12] (RtlExitUserProcess+0xb4) [0x00007FFBF814D2F4]
[13] (FatalExit+0xa) [0x00007FFBF628C0DA]
[14] (exit+0x75) [0x00007FFBF7A7A045]
[15] (initterm_e+0x21d) [0x00007FFBF7A7A68D]
[16]  [0x00000000004014CD]
[17]  [0x000000000040151B]
[18] (BaseThreadInitThunk+0x14) [0x00007FFBF6282774]
[19] (RtlUserThreadStart+0x21) [0x00007FFBF8170D51]
Done
