Exception at PC 0x00007FFA60B59D98
Exception at PC 0x00007FFA60B59D98
Exception at PC 0x00007FFA60B59D98
Exception at PC 0x00007FFA60B59D98
Exception at PC 0x00007FFA60B59D98
Exception at PC 0x00007FFA60B59D98
Exception at PC 0x00007FFA60B59D98
Exception at PC 0x00007FFA60B59D98
Exception at PC 0x00007FFA60B59D98
Exception at PC 0x00007FFA60B59D98
Exception at PC 0x00007FFA60B59D98
Exception at PC 0x00007FFA60B59D98
Exception at PC 0x00007FFA60B59D98
Exception at PC 0x00007FF9F4261A52
Attemped to write at address 0x00007FFA30CFABA4
Printing stacktrace...

[0]  [0x00007FF9F4261A52]
[1]  [0x00007FF9F4261A52]
[2]  [0x00007FF9F4261AD4]
[3]  [0x00007FF9F43A3FF7]
[4]  [0x00007FF9F4289128]
[5]  [0x00007FF9F453DFB9]
[6]  [0x00007FF9F470EF23]
[7]  [0x00007FF9F461B06B]
[8]  [0x00007FF9F46108AF]
[9]  [0x00007FF9F4610A32]
[10] (RtlDeactivateActivationContextUnsafeFast+0x1af) [0x00007FFA639B485F]
[11] (LdrShutdownProcess+0x12c) [0x00007FFA639DD43C]
[12] (RtlExitUserProcess+0xb4) [0x00007FFA639DD2F4]
[13] (FatalExit+0xa) [0x00007FFA638FC0DA]
[14] (exit+0x75) [0x00007FFA62C2A045]
[15] (initterm_e+0x21d) [0x00007FFA62C2A68D]
[16]  [0x00000000004014CD]
[17]  [0x000000000040151B]
[18] (BaseThreadInitThunk+0x14) [0x00007FFA638F2774]
[19] (RtlUserThreadStart+0x21) [0x00007FFA63A00D51]
Done
