Exception at PC 0x00007FFE23009E08
Exception at PC 0x00007FFE23009E08
Exception at PC 0x00007FFE23009E08
Exception at PC 0x00007FFE23009E08
Exception at PC 0x00007FFE23009E08
Exception at PC 0x00007FFE23009E08
Exception at PC 0x00007FFE23009E08
Exception at PC 0x00007FFE23009E08
Exception at PC 0x00007FFE23009E08
Exception at PC 0x00007FFE23009E08
Exception at PC 0x00007FFE23009E08
Exception at PC 0x00007FFE23009E08
Exception at PC 0x00007FFE23009E08
Exception at PC 0x00007FFDC9AE1A52
Attemped to write at address 0x00007FFDF935ABA4
Printing stacktrace...

[0]  [0x00007FFDC9AE1A52]
[1]  [0x00007FFDC9AE1A52]
[2]  [0x00007FFDC9AE1AD4]
[3]  [0x00007FFDC9C23FF7]
[4]  [0x00007FFDC9B09128]
[5]  [0x00007FFDC9DBDFB9]
[6]  [0x00007FFDC9F8EF23]
[7]  [0x00007FFDC9E9B06B]
[8]  [0x00007FFDC9E908AF]
[9]  [0x00007FFDC9E90A32]
[10] (RtlDeactivateActivationContextUnsafeFast+0x1af) [0x00007FFE2642485F]
[11] (LdrShutdownProcess+0x12c) [0x00007FFE2644D43C]
[12] (RtlExitUserProcess+0xb4) [0x00007FFE2644D2F4]
[13] (FatalExit+0xa) [0x00007FFE25FEC0DA]
[14] (exit+0x75) [0x00007FFE242DA045]
[15] (initterm_e+0x21d) [0x00007FFE242DA68D]
[16]  [0x00000000004014CD]
[17]  [0x000000000040151B]
[18] (BaseThreadInitThunk+0x14) [0x00007FFE25FE2774]
[19] (RtlUserThreadStart+0x21) [0x00007FFE26470D51]
Done
