
*** Running vivado
    with args -log div_gen_0.vds -m64 -product Vivado -mode batch -messageDb vivado.pb -notrace -source div_gen_0.tcl


****** Vivado v2017.2 (64-bit)
  **** SW Build 1909853 on Thu Jun 15 18:39:09 MDT 2017
  **** IP Build 1909766 on Thu Jun 15 19:58:00 MDT 2017
    ** Copyright 1986-2017 Xilinx, Inc. All Rights Reserved.

source div_gen_0.tcl -notrace
Starting RTL Elaboration : Time (s): cpu = 00:00:05 ; elapsed = 00:00:05 . Memory (MB): peak = 521.797 ; gain = 0.000
INFO: [Synth 8-638] synthesizing module 'div_gen_0' [c:/Users/pedro/Documents/arm7/tcc-arm7.srcs/sources_1/ip/div_gen_0/synth/div_gen_0.vhd:71]
INFO: [Synth 8-256] done synthesizing module 'div_gen_0' (12#1) [c:/Users/pedro/Documents/arm7/tcc-arm7.srcs/sources_1/ip/div_gen_0/synth/div_gen_0.vhd:71]
Finished RTL Elaboration : Time (s): cpu = 00:00:10 ; elapsed = 00:00:10 . Memory (MB): peak = 521.797 ; gain = 0.000
Finished RTL Optimization Phase 1 : Time (s): cpu = 00:00:11 ; elapsed = 00:00:11 . Memory (MB): peak = 521.797 ; gain = 0.000
INFO: [Device 21-403] Loading part xcku5p-ffvb676-2-e
Constraint Validation Runtime : Time (s): cpu = 00:00:00 ; elapsed = 00:00:00.090 . Memory (MB): peak = 1148.191 ; gain = 0.000
Finished Constraint Validation : Time (s): cpu = 00:00:27 ; elapsed = 00:00:29 . Memory (MB): peak = 1148.191 ; gain = 626.395
Finished Loading Part and Timing Information : Time (s): cpu = 00:00:27 ; elapsed = 00:00:29 . Memory (MB): peak = 1148.191 ; gain = 626.395
Finished applying 'set_property' XDC Constraints : Time (s): cpu = 00:00:27 ; elapsed = 00:00:29 . Memory (MB): peak = 1148.191 ; gain = 626.395
Finished RTL Optimization Phase 2 : Time (s): cpu = 00:00:28 ; elapsed = 00:00:30 . Memory (MB): peak = 1148.191 ; gain = 626.395
Finished Cross Boundary and Area Optimization : Time (s): cpu = 00:00:31 ; elapsed = 00:00:34 . Memory (MB): peak = 1148.191 ; gain = 626.395
Finished Applying XDC Timing Constraints : Time (s): cpu = 00:00:55 ; elapsed = 00:00:59 . Memory (MB): peak = 1716.273 ; gain = 1194.477
Finished Timing Optimization : Time (s): cpu = 00:00:55 ; elapsed = 00:00:59 . Memory (MB): peak = 1726.418 ; gain = 1204.621
Finished Technology Mapping : Time (s): cpu = 00:00:56 ; elapsed = 00:01:00 . Memory (MB): peak = 1740.566 ; gain = 1218.770
Finished IO Insertion : Time (s): cpu = 00:00:57 ; elapsed = 00:01:01 . Memory (MB): peak = 1740.566 ; gain = 1218.770
Finished Renaming Generated Instances : Time (s): cpu = 00:00:57 ; elapsed = 00:01:01 . Memory (MB): peak = 1740.566 ; gain = 1218.770
Finished Rebuilding User Hierarchy : Time (s): cpu = 00:00:57 ; elapsed = 00:01:01 . Memory (MB): peak = 1740.566 ; gain = 1218.770
Finished Renaming Generated Ports : Time (s): cpu = 00:00:57 ; elapsed = 00:01:01 . Memory (MB): peak = 1740.566 ; gain = 1218.770
Finished Handling Custom Attributes : Time (s): cpu = 00:00:57 ; elapsed = 00:01:01 . Memory (MB): peak = 1740.566 ; gain = 1218.770
Finished Renaming Generated Nets : Time (s): cpu = 00:00:57 ; elapsed = 00:01:01 . Memory (MB): peak = 1740.566 ; gain = 1218.770

Report Cell Usage: 
+------+--------+------+
|      |Cell    |Count |
+------+--------+------+
|1     |CARRY8  |     6|
|2     |LUT1    |    63|
|3     |LUT2    |    83|
|4     |LUT3    |   361|
|5     |LUT4    |     1|
|6     |LUT5    |     3|
|7     |LUT6    |     3|
|8     |MUXCY   |   391|
|9     |SRLC32E |     3|
|10    |XORCY   |   391|
|11    |FDRE    |  1295|
+------+--------+------+
Finished Writing Synthesis Report : Time (s): cpu = 00:00:57 ; elapsed = 00:01:01 . Memory (MB): peak = 1740.566 ; gain = 1218.770
synth_design: Time (s): cpu = 00:01:00 ; elapsed = 00:01:04 . Memory (MB): peak = 1767.246 ; gain = 1245.449
