#-----------------------------------------------------------
# Vivado v2017.2 (64-bit)
# SW Build 1909853 on Thu Jun 15 18:39:09 MDT 2017
# IP Build 1909766 on Thu Jun 15 19:58:00 MDT 2017
# Start of session at: Mon Sep 11 17:41:10 2017
# Process ID: 2592
# Current directory: C:/Users/pedro/Documents/arm7
# Command line: vivado.exe -gui_launcher_event rodinguilauncherevent13572 C:\Users\pedro\Documents\arm7\tcc-arm7.xpr
# Log file: C:/Users/pedro/Documents/arm7/vivado.log
# Journal file: C:/Users/pedro/Documents/arm7\vivado.jou
#-----------------------------------------------------------
start_gui
open_project C:/Users/pedro/Documents/arm7/tcc-arm7.xpr
Scanning sources...
Finished scanning sources
INFO: [IP_Flow 19-234] Refreshing IP repositories
INFO: [IP_Flow 19-1704] No user IP repositories specified
INFO: [IP_Flow 19-2313] Loaded Vivado IP repository 'C:/Xilinx/Vivado/2017.2/data/ip'.
open_project: Time (s): cpu = 00:00:24 ; elapsed = 00:00:17 . Memory (MB): peak = 976.141 ; gain = 270.980
update_compile_order -fileset sources_1
close [ open C:/Users/pedro/Documents/arm7/tcc-arm7.srcs/sources_1/new/datapah.sv w ]
add_files C:/Users/pedro/Documents/arm7/tcc-arm7.srcs/sources_1/new/datapah.sv
update_compile_order -fileset sources_1
close [ open C:/Users/pedro/Documents/arm7/tcc-arm7.srcs/sources_1/new/datapath.sv w ]
add_files C:/Users/pedro/Documents/arm7/tcc-arm7.srcs/sources_1/new/datapath.sv
update_compile_order -fileset sources_1
set_property SOURCE_SET sources_1 [get_filesets sim_1]
close [ open C:/Users/pedro/Documents/arm7/tcc-arm7.srcs/sim_1/new/datapath_tb.v w ]
add_files -fileset sim_1 C:/Users/pedro/Documents/arm7/tcc-arm7.srcs/sim_1/new/datapath_tb.v
update_compile_order -fileset sim_1
remove_files  -fileset sim_1 C:/Users/pedro/Documents/arm7/tcc-arm7.srcs/sim_1/new/datapath_tb.v
set_property SOURCE_SET sources_1 [get_filesets sim_1]
close [ open C:/Users/pedro/Documents/arm7/tcc-arm7.srcs/sim_1/new/datapath_tb.sv w ]
add_files -fileset sim_1 C:/Users/pedro/Documents/arm7/tcc-arm7.srcs/sim_1/new/datapath_tb.sv
update_compile_order -fileset sim_1
exit
INFO: [Common 17-206] Exiting Vivado at Tue Sep 12 01:11:15 2017...
