
*** Running vivado
    with args -log div_gen_0.vds -m64 -product Vivado -mode batch -messageDb vivado.pb -notrace -source div_gen_0.tcl


****** Vivado v2017.2 (64-bit)
  **** SW Build 1909853 on Thu Jun 15 18:39:09 MDT 2017
  **** IP Build 1909766 on Thu Jun 15 19:58:00 MDT 2017
    ** Copyright 1986-2017 Xilinx, Inc. All Rights Reserved.

source div_gen_0.tcl -notrace
Starting RTL Elaboration : Time (s): cpu = 00:00:04 ; elapsed = 00:00:05 . Memory (MB): peak = 522.086 ; gain = 0.000
INFO: [Synth 8-638] synthesizing module 'div_gen_0' [c:/Users/pedro/Documents/arm7/tcc-arm7.srcs/sources_1/ip/div_gen_0/synth/div_gen_0.vhd:71]
INFO: [Synth 8-256] done synthesizing module 'div_gen_0' (12#1) [c:/Users/pedro/Documents/arm7/tcc-arm7.srcs/sources_1/ip/div_gen_0/synth/div_gen_0.vhd:71]
Finished RTL Elaboration : Time (s): cpu = 00:00:09 ; elapsed = 00:00:10 . Memory (MB): peak = 522.086 ; gain = 0.000
Finished RTL Optimization Phase 1 : Time (s): cpu = 00:00:10 ; elapsed = 00:00:11 . Memory (MB): peak = 522.086 ; gain = 0.000
INFO: [Device 21-403] Loading part xcku5p-ffvb676-2-e
Constraint Validation Runtime : Time (s): cpu = 00:00:00 ; elapsed = 00:00:00.053 . Memory (MB): peak = 1148.387 ; gain = 0.000
Finished Constraint Validation : Time (s): cpu = 00:00:23 ; elapsed = 00:00:25 . Memory (MB): peak = 1148.387 ; gain = 626.301
Finished Loading Part and Timing Information : Time (s): cpu = 00:00:23 ; elapsed = 00:00:25 . Memory (MB): peak = 1148.387 ; gain = 626.301
Finished applying 'set_property' XDC Constraints : Time (s): cpu = 00:00:23 ; elapsed = 00:00:25 . Memory (MB): peak = 1148.387 ; gain = 626.301
Finished RTL Optimization Phase 2 : Time (s): cpu = 00:00:24 ; elapsed = 00:00:26 . Memory (MB): peak = 1148.387 ; gain = 626.301
Finished Cross Boundary and Area Optimization : Time (s): cpu = 00:00:26 ; elapsed = 00:00:29 . Memory (MB): peak = 1148.387 ; gain = 626.301
Finished Applying XDC Timing Constraints : Time (s): cpu = 00:00:50 ; elapsed = 00:00:54 . Memory (MB): peak = 1716.477 ; gain = 1194.391
Finished Timing Optimization : Time (s): cpu = 00:00:51 ; elapsed = 00:00:55 . Memory (MB): peak = 1729.625 ; gain = 1207.539
Finished Technology Mapping : Time (s): cpu = 00:00:51 ; elapsed = 00:00:55 . Memory (MB): peak = 1740.770 ; gain = 1218.684
Finished IO Insertion : Time (s): cpu = 00:00:52 ; elapsed = 00:00:56 . Memory (MB): peak = 1740.770 ; gain = 1218.684
Finished Renaming Generated Instances : Time (s): cpu = 00:00:52 ; elapsed = 00:00:56 . Memory (MB): peak = 1740.770 ; gain = 1218.684
Finished Rebuilding User Hierarchy : Time (s): cpu = 00:00:53 ; elapsed = 00:00:57 . Memory (MB): peak = 1740.770 ; gain = 1218.684
Finished Renaming Generated Ports : Time (s): cpu = 00:00:53 ; elapsed = 00:00:57 . Memory (MB): peak = 1740.770 ; gain = 1218.684
Finished Handling Custom Attributes : Time (s): cpu = 00:00:53 ; elapsed = 00:00:57 . Memory (MB): peak = 1740.770 ; gain = 1218.684
Finished Renaming Generated Nets : Time (s): cpu = 00:00:53 ; elapsed = 00:00:57 . Memory (MB): peak = 1740.770 ; gain = 1218.684

Report Cell Usage: 
+------+--------+------+
|      |Cell    |Count |
+------+--------+------+
|1     |CARRY8  |     6|
|2     |LUT1    |    65|
|3     |LUT2    |    86|
|4     |LUT3    |   376|
|5     |LUT4    |     1|
|6     |LUT5    |     2|
|7     |LUT6    |     5|
|8     |MUXCY   |   408|
|9     |SRLC32E |     3|
|10    |XORCY   |   408|
|11    |FDRE    |  1355|
+------+--------+------+
Finished Writing Synthesis Report : Time (s): cpu = 00:00:53 ; elapsed = 00:00:57 . Memory (MB): peak = 1740.770 ; gain = 1218.684
synth_design: Time (s): cpu = 00:00:56 ; elapsed = 00:01:00 . Memory (MB): peak = 1767.516 ; gain = 1245.430
