Vivado Simulator 2017.4
Copyright 1986-1999, 2001-2016 Xilinx, Inc. All Rights Reserved.
Running: C:/Xilinx/Vivado/2017.4/bin/unwrapped/win64.o/xelab.exe -wto 13c7beef8cba47ffa90589701ec6fe4f --incr --debug typical --relax --mt 2 -L xbip_utils_v3_0_8 -L c_reg_fd_v12_0_4 -L xbip_dsp48_wrapper_v3_0_4 -L xbip_pipe_v3_0_4 -L xbip_dsp48_addsub_v3_0_4 -L xbip_addsub_v3_0_4 -L c_addsub_v12_0_11 -L xbip_bram18k_v3_0_4 -L mult_gen_v12_0_13 -L axi_utils_v2_0_4 -L cordic_v6_0_13 -L xil_defaultlib -L floating_point_v7_0_14 -L xbip_dsp48_mult_v3_0_4 -L xbip_dsp48_multadd_v3_0_4 -L div_gen_v5_1_12 -L unisims_ver -L unimacro_ver -L secureip -L xpm --snapshot Nahid_tb_behav xil_defaultlib.Nahid_tb xil_defaultlib.glbl -log elaborate.log 
Using 2 slave threads.
Starting static elaboration
WARNING: [VRFC 10-1374] size mismatch in mixed language port association, vhdl port s_axis_divisor_tdata [C:/RTDDoS/Detection/Hardware/arm7/tcc-arm7.srcs/sources_1/new/Datapath.sv:163]
WARNING: [VRFC 10-1374] size mismatch in mixed language port association, vhdl port m_axis_dout_tdata [C:/RTDDoS/Detection/Hardware/arm7/tcc-arm7.srcs/sources_1/new/Datapath.sv:167]
WARNING: [VRFC 10-278] actual bit length 3 differs from formal bit length 2 for port seladd4_1 [C:/RTDDoS/Detection/Hardware/arm7/tcc-arm7.srcs/sources_1/new/Nahid.sv:35]
WARNING: [VRFC 10-278] actual bit length 23 differs from formal bit length 24 for port y [C:/RTDDoS/Detection/Hardware/arm7/tcc-arm7.srcs/sources_1/new/Datapath.sv:49]
WARNING: [VRFC 10-278] actual bit length 23 differs from formal bit length 24 for port y [C:/RTDDoS/Detection/Hardware/arm7/tcc-arm7.srcs/sources_1/new/Datapath.sv:50]
WARNING: [VRFC 10-278] actual bit length 23 differs from formal bit length 24 for port y [C:/RTDDoS/Detection/Hardware/arm7/tcc-arm7.srcs/sources_1/new/Datapath.sv:51]
WARNING: [VRFC 10-278] actual bit length 23 differs from formal bit length 24 for port y [C:/RTDDoS/Detection/Hardware/arm7/tcc-arm7.srcs/sources_1/new/Datapath.sv:52]
WARNING: [VRFC 10-278] actual bit length 23 differs from formal bit length 24 for port y [C:/RTDDoS/Detection/Hardware/arm7/tcc-arm7.srcs/sources_1/new/Datapath.sv:53]
WARNING: [VRFC 10-278] actual bit length 23 differs from formal bit length 24 for port y [C:/RTDDoS/Detection/Hardware/arm7/tcc-arm7.srcs/sources_1/new/Datapath.sv:54]
WARNING: [VRFC 10-278] actual bit length 24 differs from formal bit length 12 for port a [C:/RTDDoS/Detection/Hardware/arm7/tcc-arm7.srcs/sources_1/new/Datapath.sv:55]
WARNING: [VRFC 10-278] actual bit length 24 differs from formal bit length 16 for port a [C:/RTDDoS/Detection/Hardware/arm7/tcc-arm7.srcs/sources_1/new/Datapath.sv:56]
WARNING: [VRFC 10-278] actual bit length 24 differs from formal bit length 11 for port a [C:/RTDDoS/Detection/Hardware/arm7/tcc-arm7.srcs/sources_1/new/Datapath.sv:57]
WARNING: [VRFC 10-278] actual bit length 24 differs from formal bit length 11 for port a [C:/RTDDoS/Detection/Hardware/arm7/tcc-arm7.srcs/sources_1/new/Datapath.sv:58]
WARNING: [VRFC 10-278] actual bit length 23 differs from formal bit length 24 for port y [C:/RTDDoS/Detection/Hardware/arm7/tcc-arm7.srcs/sources_1/new/Datapath.sv:59]
WARNING: [VRFC 10-278] actual bit length 23 differs from formal bit length 24 for port y [C:/RTDDoS/Detection/Hardware/arm7/tcc-arm7.srcs/sources_1/new/Datapath.sv:60]
WARNING: [VRFC 10-278] actual bit length 11 differs from formal bit length 23 for port a [C:/RTDDoS/Detection/Hardware/arm7/tcc-arm7.srcs/sources_1/new/Datapath.sv:80]
WARNING: [VRFC 10-278] actual bit length 11 differs from formal bit length 23 for port a [C:/RTDDoS/Detection/Hardware/arm7/tcc-arm7.srcs/sources_1/new/Datapath.sv:83]
WARNING: [VRFC 10-278] actual bit length 24 differs from formal bit length 23 for port a [C:/RTDDoS/Detection/Hardware/arm7/tcc-arm7.srcs/sources_1/new/Datapath.sv:97]
WARNING: [VRFC 10-278] actual bit length 24 differs from formal bit length 23 for port a [C:/RTDDoS/Detection/Hardware/arm7/tcc-arm7.srcs/sources_1/new/Datapath.sv:118]
WARNING: [VRFC 10-278] actual bit length 24 differs from formal bit length 23 for port a [C:/RTDDoS/Detection/Hardware/arm7/tcc-arm7.srcs/sources_1/new/Datapath.sv:119]
WARNING: [VRFC 10-278] actual bit length 24 differs from formal bit length 23 for port a [C:/RTDDoS/Detection/Hardware/arm7/tcc-arm7.srcs/sources_1/new/Datapath.sv:120]
WARNING: [VRFC 10-278] actual bit length 24 differs from formal bit length 23 for port a [C:/RTDDoS/Detection/Hardware/arm7/tcc-arm7.srcs/sources_1/new/Datapath.sv:121]
WARNING: [VRFC 10-278] actual bit length 24 differs from formal bit length 23 for port a [C:/RTDDoS/Detection/Hardware/arm7/tcc-arm7.srcs/sources_1/new/Datapath.sv:122]
WARNING: [VRFC 10-278] actual bit length 24 differs from formal bit length 11 for port in [C:/RTDDoS/Detection/Hardware/arm7/tcc-arm7.srcs/sources_1/new/Datapath.sv:174]
WARNING: [VRFC 10-278] actual bit length 24 differs from formal bit length 12 for port in [C:/RTDDoS/Detection/Hardware/arm7/tcc-arm7.srcs/sources_1/new/Datapath.sv:176]
WARNING: [VRFC 10-278] actual bit length 24 differs from formal bit length 20 for port in [C:/RTDDoS/Detection/Hardware/arm7/tcc-arm7.srcs/sources_1/new/Datapath.sv:180]
WARNING: [VRFC 10-278] actual bit length 12 differs from formal bit length 11 for port y [C:/RTDDoS/Detection/Hardware/arm7/tcc-arm7.srcs/sources_1/new/Datapath.sv:67]
WARNING: [VRFC 10-278] actual bit length 12 differs from formal bit length 11 for port y [C:/RTDDoS/Detection/Hardware/arm7/tcc-arm7.srcs/sources_1/new/Datapath.sv:68]
WARNING: [VRFC 10-278] actual bit length 11 differs from formal bit length 23 for port a [C:/RTDDoS/Detection/Hardware/arm7/tcc-arm7.srcs/sources_1/new/Datapath.sv:81]
WARNING: [VRFC 10-278] actual bit length 11 differs from formal bit length 23 for port a [C:/RTDDoS/Detection/Hardware/arm7/tcc-arm7.srcs/sources_1/new/Datapath.sv:84]
WARNING: [VRFC 10-278] actual bit length 11 differs from formal bit length 23 for port a [C:/RTDDoS/Detection/Hardware/arm7/tcc-arm7.srcs/sources_1/new/Datapath.sv:86]
WARNING: [VRFC 10-278] actual bit length 11 differs from formal bit length 23 for port a [C:/RTDDoS/Detection/Hardware/arm7/tcc-arm7.srcs/sources_1/new/Datapath.sv:87]
WARNING: [VRFC 10-278] actual bit length 24 differs from formal bit length 23 for port y [C:/RTDDoS/Detection/Hardware/arm7/tcc-arm7.srcs/sources_1/new/Datapath.sv:94]
WARNING: [VRFC 10-278] actual bit length 24 differs from formal bit length 23 for port a [C:/RTDDoS/Detection/Hardware/arm7/tcc-arm7.srcs/sources_1/new/Datapath.sv:95]
WARNING: [VRFC 10-278] actual bit length 24 differs from formal bit length 23 for port a [C:/RTDDoS/Detection/Hardware/arm7/tcc-arm7.srcs/sources_1/new/Datapath.sv:98]
WARNING: [VRFC 10-278] actual bit length 24 differs from formal bit length 23 for port a [C:/RTDDoS/Detection/Hardware/arm7/tcc-arm7.srcs/sources_1/new/Datapath.sv:100]
WARNING: [VRFC 10-278] actual bit length 24 differs from formal bit length 23 for port a [C:/RTDDoS/Detection/Hardware/arm7/tcc-arm7.srcs/sources_1/new/Datapath.sv:101]
WARNING: [VRFC 10-278] actual bit length 24 differs from formal bit length 23 for port a [C:/RTDDoS/Detection/Hardware/arm7/tcc-arm7.srcs/sources_1/new/Datapath.sv:103]
WARNING: [VRFC 10-278] actual bit length 24 differs from formal bit length 23 for port b [C:/RTDDoS/Detection/Hardware/arm7/tcc-arm7.srcs/sources_1/new/Datapath.sv:104]
WARNING: [VRFC 10-278] actual bit length 24 differs from formal bit length 23 for port b [C:/RTDDoS/Detection/Hardware/arm7/tcc-arm7.srcs/sources_1/new/Datapath.sv:106]
WARNING: [VRFC 10-278] actual bit length 24 differs from formal bit length 23 for port a [C:/RTDDoS/Detection/Hardware/arm7/tcc-arm7.srcs/sources_1/new/Datapath.sv:107]
WARNING: [VRFC 10-278] actual bit length 23 differs from formal bit length 24 for port c [C:/RTDDoS/Detection/Hardware/arm7/tcc-arm7.srcs/sources_1/new/Datapath.sv:134]
WARNING: [VRFC 10-278] actual bit length 20 differs from formal bit length 24 for port c [C:/RTDDoS/Detection/Hardware/arm7/tcc-arm7.srcs/sources_1/new/Datapath.sv:136]
WARNING: [VRFC 10-278] actual bit length 32 differs from formal bit length 24 for port d [C:/RTDDoS/Detection/Hardware/arm7/tcc-arm7.srcs/sources_1/new/Datapath.sv:150]
WARNING: [VRFC 10-526] concatenation with unsized literal; will interpret as 32 bits [C:/RTDDoS/Detection/Hardware/arm7/tcc-arm7.srcs/sources_1/new/extend.sv:28]
Completed static elaboration
Starting simulation data flow analysis
WARNING: [XSIM 43-4099] "C:/RTDDoS/Detection/Hardware/arm7/tcc-arm7.srcs/sources_1/new/Nahid.sv" Line 21. Module Nahid doesn't have a timescale but at least one module in design has a timescale.
WARNING: [XSIM 43-4099] "C:/RTDDoS/Detection/Hardware/arm7/tcc-arm7.srcs/sources_1/new/Datapath.sv" Line 22. Module Datapath doesn't have a timescale but at least one module in design has a timescale.
WARNING: [XSIM 43-4099] "C:/RTDDoS/Detection/Hardware/arm7/tcc-arm7.srcs/sources_1/new/extend.sv" Line 23. Module extend doesn't have a timescale but at least one module in design has a timescale.
WARNING: [XSIM 43-4099] "C:/RTDDoS/Detection/Hardware/arm7/tcc-arm7.srcs/sources_1/new/extend.sv" Line 23. Module extend doesn't have a timescale but at least one module in design has a timescale.
WARNING: [XSIM 43-4099] "C:/RTDDoS/Detection/Hardware/arm7/tcc-arm7.srcs/sources_1/new/extend.sv" Line 23. Module extend doesn't have a timescale but at least one module in design has a timescale.
WARNING: [XSIM 43-4099] "C:/RTDDoS/Detection/Hardware/arm7/tcc-arm7.srcs/sources_1/new/extend.sv" Line 23. Module extend doesn't have a timescale but at least one module in design has a timescale.
WARNING: [XSIM 43-4099] "C:/RTDDoS/Detection/Hardware/arm7/tcc-arm7.srcs/sources_1/new/extend.sv" Line 23. Module extend doesn't have a timescale but at least one module in design has a timescale.
WARNING: [XSIM 43-4099] "C:/RTDDoS/Detection/Hardware/arm7/tcc-arm7.srcs/sources_1/new/extend.sv" Line 23. Module extend doesn't have a timescale but at least one module in design has a timescale.
WARNING: [XSIM 43-4099] "C:/RTDDoS/Detection/Hardware/arm7/tcc-arm7.srcs/sources_1/new/extend.sv" Line 23. Module extend(WIDTH=12) doesn't have a timescale but at least one module in design has a timescale.
WARNING: [XSIM 43-4099] "C:/RTDDoS/Detection/Hardware/arm7/tcc-arm7.srcs/sources_1/new/extend.sv" Line 23. Module extend(WIDTH=16) doesn't have a timescale but at least one module in design has a timescale.
WARNING: [XSIM 43-4099] "C:/RTDDoS/Detection/Hardware/arm7/tcc-arm7.srcs/sources_1/new/extend.sv" Line 23. Module extend doesn't have a timescale but at least one module in design has a timescale.
WARNING: [XSIM 43-4099] "C:/RTDDoS/Detection/Hardware/arm7/tcc-arm7.srcs/sources_1/new/extend.sv" Line 23. Module extend doesn't have a timescale but at least one module in design has a timescale.
WARNING: [XSIM 43-4099] "C:/RTDDoS/Detection/Hardware/arm7/tcc-arm7.srcs/sources_1/new/extend.sv" Line 23. Module extend(WIDTH=20) doesn't have a timescale but at least one module in design has a timescale.
WARNING: [XSIM 43-4099] "C:/RTDDoS/Detection/Hardware/arm7/tcc-arm7.srcs/sources_1/new/extend.sv" Line 23. Module extend(WIDTH=20) doesn't have a timescale but at least one module in design has a timescale.
WARNING: [XSIM 43-4099] "C:/RTDDoS/Detection/Hardware/arm7/tcc-arm7.srcs/sources_1/new/reduce.sv" Line 21. Module reduce doesn't have a timescale but at least one module in design has a timescale.
WARNING: [XSIM 43-4099] "C:/RTDDoS/Detection/Hardware/arm7/tcc-arm7.srcs/sources_1/new/reduce.sv" Line 21. Module reduce doesn't have a timescale but at least one module in design has a timescale.
WARNING: [XSIM 43-4099] "C:/RTDDoS/Detection/Hardware/arm7/tcc-arm7.srcs/sources_1/new/reduce.sv" Line 21. Module reduce doesn't have a timescale but at least one module in design has a timescale.
WARNING: [XSIM 43-4099] "C:/RTDDoS/Detection/Hardware/arm7/tcc-arm7.srcs/sources_1/new/reduce.sv" Line 21. Module reduce doesn't have a timescale but at least one module in design has a timescale.
WARNING: [XSIM 43-4099] "C:/RTDDoS/Detection/Hardware/arm7/tcc-arm7.srcs/sources_1/new/mux.sv" Line 22. Module mux2 doesn't have a timescale but at least one module in design has a timescale.
WARNING: [XSIM 43-4099] "C:/RTDDoS/Detection/Hardware/arm7/tcc-arm7.srcs/sources_1/new/mux.sv" Line 22. Module mux2 doesn't have a timescale but at least one module in design has a timescale.
WARNING: [XSIM 43-4099] "C:/RTDDoS/Detection/Hardware/arm7/tcc-arm7.srcs/sources_1/new/mux4.sv" Line 23. Module mux4 doesn't have a timescale but at least one module in design has a timescale.
WARNING: [XSIM 43-4099] "C:/RTDDoS/Detection/Hardware/arm7/tcc-arm7.srcs/sources_1/new/mux4.sv" Line 23. Module mux4 doesn't have a timescale but at least one module in design has a timescale.
WARNING: [XSIM 43-4099] "C:/RTDDoS/Detection/Hardware/arm7/tcc-arm7.srcs/sources_1/new/mux4.sv" Line 23. Module mux4 doesn't have a timescale but at least one module in design has a timescale.
WARNING: [XSIM 43-4099] "C:/RTDDoS/Detection/Hardware/arm7/tcc-arm7.srcs/sources_1/new/mux4.sv" Line 23. Module mux4 doesn't have a timescale but at least one module in design has a timescale.
WARNING: [XSIM 43-4099] "C:/RTDDoS/Detection/Hardware/arm7/tcc-arm7.srcs/sources_1/new/mux.sv" Line 22. Module mux2 doesn't have a timescale but at least one module in design has a timescale.
WARNING: [XSIM 43-4099] "C:/RTDDoS/Detection/Hardware/arm7/tcc-arm7.srcs/sources_1/new/mux.sv" Line 22. Module mux2 doesn't have a timescale but at least one module in design has a timescale.
WARNING: [XSIM 43-4099] "C:/RTDDoS/Detection/Hardware/arm7/tcc-arm7.srcs/sources_1/new/mux6.sv" Line 23. Module mux6 doesn't have a timescale but at least one module in design has a timescale.
WARNING: [XSIM 43-4099] "C:/RTDDoS/Detection/Hardware/arm7/tcc-arm7.srcs/sources_1/new/mux4.sv" Line 23. Module mux4 doesn't have a timescale but at least one module in design has a timescale.
WARNING: [XSIM 43-4099] "C:/RTDDoS/Detection/Hardware/arm7/tcc-arm7.srcs/sources_1/new/mux6.sv" Line 23. Module mux6 doesn't have a timescale but at least one module in design has a timescale.
WARNING: [XSIM 43-4099] "C:/RTDDoS/Detection/Hardware/arm7/tcc-arm7.srcs/sources_1/new/mux6.sv" Line 23. Module mux6 doesn't have a timescale but at least one module in design has a timescale.
WARNING: [XSIM 43-4099] "C:/RTDDoS/Detection/Hardware/arm7/tcc-arm7.srcs/sources_1/new/mux4.sv" Line 23. Module mux4 doesn't have a timescale but at least one module in design has a timescale.
WARNING: [XSIM 43-4099] "C:/RTDDoS/Detection/Hardware/arm7/tcc-arm7.srcs/sources_1/new/mux6.sv" Line 23. Module mux6 doesn't have a timescale but at least one module in design has a timescale.
WARNING: [XSIM 43-4099] "C:/RTDDoS/Detection/Hardware/arm7/tcc-arm7.srcs/sources_1/new/mux6.sv" Line 23. Module mux6 doesn't have a timescale but at least one module in design has a timescale.
WARNING: [XSIM 43-4099] "C:/RTDDoS/Detection/Hardware/arm7/tcc-arm7.srcs/sources_1/new/mux4.sv" Line 23. Module mux4 doesn't have a timescale but at least one module in design has a timescale.
WARNING: [XSIM 43-4099] "C:/RTDDoS/Detection/Hardware/arm7/tcc-arm7.srcs/sources_1/new/mult.sv" Line 23. Module mul doesn't have a timescale but at least one module in design has a timescale.
WARNING: [XSIM 43-4099] "C:/RTDDoS/Detection/Hardware/arm7/tcc-arm7.srcs/sources_1/new/mult.sv" Line 23. Module mul doesn't have a timescale but at least one module in design has a timescale.
WARNING: [XSIM 43-4099] "C:/RTDDoS/Detection/Hardware/arm7/tcc-arm7.srcs/sources_1/new/mult.sv" Line 23. Module mul doesn't have a timescale but at least one module in design has a timescale.
WARNING: [XSIM 43-4099] "C:/RTDDoS/Detection/Hardware/arm7/tcc-arm7.srcs/sources_1/new/adder.sv" Line 22. Module adder doesn't have a timescale but at least one module in design has a timescale.
WARNING: [XSIM 43-4099] "C:/RTDDoS/Detection/Hardware/arm7/tcc-arm7.srcs/sources_1/new/adder.sv" Line 22. Module adder doesn't have a timescale but at least one module in design has a timescale.
WARNING: [XSIM 43-4099] "C:/RTDDoS/Detection/Hardware/arm7/tcc-arm7.srcs/sources_1/new/adder.sv" Line 22. Module adder doesn't have a timescale but at least one module in design has a timescale.
WARNING: [XSIM 43-4099] "C:/RTDDoS/Detection/Hardware/arm7/tcc-arm7.srcs/sources_1/new/adder.sv" Line 22. Module adder doesn't have a timescale but at least one module in design has a timescale.
WARNING: [XSIM 43-4099] "C:/RTDDoS/Detection/Hardware/arm7/tcc-arm7.srcs/sources_1/new/adder.sv" Line 22. Module adder doesn't have a timescale but at least one module in design has a timescale.
WARNING: [XSIM 43-4099] "C:/RTDDoS/Detection/Hardware/arm7/tcc-arm7.srcs/sources_1/new/mux2r.sv" Line 23. Module mux2r doesn't have a timescale but at least one module in design has a timescale.
WARNING: [XSIM 43-4099] "C:/RTDDoS/Detection/Hardware/arm7/tcc-arm7.srcs/sources_1/new/mux4r.sv" Line 23. Module mux4r doesn't have a timescale but at least one module in design has a timescale.
WARNING: [XSIM 43-4099] "C:/RTDDoS/Detection/Hardware/arm7/tcc-arm7.srcs/sources_1/new/mux4r.sv" Line 23. Module mux4r doesn't have a timescale but at least one module in design has a timescale.
WARNING: [XSIM 43-4099] "C:/RTDDoS/Detection/Hardware/arm7/tcc-arm7.srcs/sources_1/new/mux4r.sv" Line 23. Module mux4r doesn't have a timescale but at least one module in design has a timescale.
WARNING: [XSIM 43-4099] "C:/RTDDoS/Detection/Hardware/arm7/tcc-arm7.srcs/sources_1/new/mux4r.sv" Line 23. Module mux4r doesn't have a timescale but at least one module in design has a timescale.
WARNING: [XSIM 43-4099] "C:/RTDDoS/Detection/Hardware/arm7/tcc-arm7.srcs/sources_1/new/mux4r.sv" Line 23. Module mux4r doesn't have a timescale but at least one module in design has a timescale.
WARNING: [XSIM 43-4099] "C:/RTDDoS/Detection/Hardware/arm7/tcc-arm7.srcs/sources_1/new/mux4r.sv" Line 23. Module mux4r doesn't have a timescale but at least one module in design has a timescale.
WARNING: [XSIM 43-4099] "C:/RTDDoS/Detection/Hardware/arm7/tcc-arm7.srcs/sources_1/new/mux2r.sv" Line 23. Module mux2r doesn't have a timescale but at least one module in design has a timescale.
WARNING: [XSIM 43-4099] "C:/RTDDoS/Detection/Hardware/arm7/tcc-arm7.srcs/sources_1/new/mux4r.sv" Line 23. Module mux4r doesn't have a timescale but at least one module in design has a timescale.
WARNING: [XSIM 43-4099] "C:/RTDDoS/Detection/Hardware/arm7/tcc-arm7.srcs/sources_1/new/mux4r.sv" Line 23. Module mux4r doesn't have a timescale but at least one module in design has a timescale.
WARNING: [XSIM 43-4099] "C:/RTDDoS/Detection/Hardware/arm7/tcc-arm7.srcs/sources_1/new/mux4r.sv" Line 23. Module mux4r doesn't have a timescale but at least one module in design has a timescale.
WARNING: [XSIM 43-4099] "C:/RTDDoS/Detection/Hardware/arm7/tcc-arm7.srcs/sources_1/new/mux4r.sv" Line 23. Module mux4r doesn't have a timescale but at least one module in design has a timescale.
WARNING: [XSIM 43-4099] "C:/RTDDoS/Detection/Hardware/arm7/tcc-arm7.srcs/sources_1/new/mux4r.sv" Line 23. Module mux4r doesn't have a timescale but at least one module in design has a timescale.
WARNING: [XSIM 43-4099] "C:/RTDDoS/Detection/Hardware/arm7/tcc-arm7.srcs/sources_1/new/register.sv" Line 23. Module register doesn't have a timescale but at least one module in design has a timescale.
WARNING: [XSIM 43-4099] "C:/RTDDoS/Detection/Hardware/arm7/tcc-arm7.srcs/sources_1/new/register.sv" Line 23. Module register doesn't have a timescale but at least one module in design has a timescale.
WARNING: [XSIM 43-4099] "C:/RTDDoS/Detection/Hardware/arm7/tcc-arm7.srcs/sources_1/new/register.sv" Line 23. Module register doesn't have a timescale but at least one module in design has a timescale.
WARNING: [XSIM 43-4099] "C:/RTDDoS/Detection/Hardware/arm7/tcc-arm7.srcs/sources_1/new/register.sv" Line 23. Module register doesn't have a timescale but at least one module in design has a timescale.
WARNING: [XSIM 43-4099] "C:/RTDDoS/Detection/Hardware/arm7/tcc-arm7.srcs/sources_1/new/register.sv" Line 23. Module register(WIDTH=11) doesn't have a timescale but at least one module in design has a timescale.
WARNING: [XSIM 43-4099] "C:/RTDDoS/Detection/Hardware/arm7/tcc-arm7.srcs/sources_1/new/register.sv" Line 23. Module register doesn't have a timescale but at least one module in design has a timescale.
WARNING: [XSIM 43-4099] "C:/RTDDoS/Detection/Hardware/arm7/tcc-arm7.srcs/sources_1/new/register.sv" Line 23. Module register(WIDTH=12) doesn't have a timescale but at least one module in design has a timescale.
WARNING: [XSIM 43-4099] "C:/RTDDoS/Detection/Hardware/arm7/tcc-arm7.srcs/sources_1/new/register.sv" Line 23. Module register doesn't have a timescale but at least one module in design has a timescale.
WARNING: [XSIM 43-4099] "C:/RTDDoS/Detection/Hardware/arm7/tcc-arm7.srcs/sources_1/new/register.sv" Line 23. Module register doesn't have a timescale but at least one module in design has a timescale.
WARNING: [XSIM 43-4099] "C:/RTDDoS/Detection/Hardware/arm7/tcc-arm7.srcs/sources_1/new/register.sv" Line 23. Module register doesn't have a timescale but at least one module in design has a timescale.
WARNING: [XSIM 43-4099] "C:/RTDDoS/Detection/Hardware/arm7/tcc-arm7.srcs/sources_1/new/register.sv" Line 23. Module register(WIDTH=20) doesn't have a timescale but at least one module in design has a timescale.
WARNING: [XSIM 43-4099] "C:/RTDDoS/Detection/Hardware/arm7/tcc-arm7.srcs/sources_1/new/register.sv" Line 23. Module register(WIDTH=11) doesn't have a timescale but at least one module in design has a timescale.
WARNING: [XSIM 43-4099] "C:/RTDDoS/Detection/Hardware/arm7/tcc-arm7.srcs/sources_1/new/register.sv" Line 23. Module register(WIDTH=11) doesn't have a timescale but at least one module in design has a timescale.
WARNING: [XSIM 43-4099] "C:/RTDDoS/Detection/Hardware/arm7/tcc-arm7.srcs/sources_1/new/register.sv" Line 23. Module register(WIDTH=11) doesn't have a timescale but at least one module in design has a timescale.
WARNING: [XSIM 43-4099] "C:/RTDDoS/Detection/Hardware/arm7/tcc-arm7.srcs/sources_1/new/register.sv" Line 23. Module register(WIDTH=11) doesn't have a timescale but at least one module in design has a timescale.
WARNING: [XSIM 43-4099] "C:/RTDDoS/Detection/Hardware/arm7/tcc-arm7.srcs/sources_1/new/register.sv" Line 23. Module register(WIDTH=11) doesn't have a timescale but at least one module in design has a timescale.
WARNING: [XSIM 43-4099] "C:/RTDDoS/Detection/Hardware/arm7/tcc-arm7.srcs/sources_1/new/register.sv" Line 23. Module register(WIDTH=11) doesn't have a timescale but at least one module in design has a timescale.
WARNING: [XSIM 43-4099] "C:/RTDDoS/Detection/Hardware/arm7/tcc-arm7.srcs/sources_1/new/controller.sv" Line 23. Module controller doesn't have a timescale but at least one module in design has a timescale.
Completed simulation data flow analysis
Time Resolution for simulation is 1ps
Compiling package std.standard
Compiling package std.textio
Compiling package ieee.std_logic_1164
Compiling package ieee.numeric_std
Compiling package xbip_utils_v3_0_8.xbip_utils_v3_0_8_pkg
Compiling package div_gen_v5_1_12.div_gen_v5_1_12_viv_comp
Compiling package xbip_pipe_v3_0_4.xbip_pipe_v3_0_4_viv_comp
Compiling package axi_utils_v2_0_4.axi_utils_v2_0_4_pkg
Compiling package ieee.math_real
Compiling package axi_utils_v2_0_4.global_util_pkg
Compiling package axi_utils_v2_0_4.axi_utils_comps
Compiling package ieee.std_logic_arith
Compiling package ieee.std_logic_unsigned
Compiling package xbip_bram18k_v3_0_4.xbip_bram18k_v3_0_4_pkg
Compiling package div_gen_v5_1_12.div_gen_pkg
Compiling package ieee.std_logic_signed
Compiling package unisim.vcomponents
Compiling package div_gen_v5_1_12.pkg_addsub
Compiling package cordic_v6_0_13.cordic_v6_0_13_viv_comp
Compiling package mult_gen_v12_0_13.mult_gen_v12_0_13_pkg
Compiling package cordic_v6_0_13.cordic_pack
Compiling package cordic_v6_0_13.cordic_hdl_comps
Compiling package c_addsub_v12_0_11.c_addsub_v12_0_11_viv_comp
Compiling package xbip_addsub_v3_0_4.xbip_addsub_v3_0_4_viv_comp
Compiling package c_addsub_v12_0_11.c_addsub_v12_0_11_pkg
Compiling package c_addsub_v12_0_11.c_addsub_v12_0_11_pkg_legacy
Compiling package c_reg_fd_v12_0_4.c_reg_fd_v12_0_4_viv_comp
Compiling module xil_defaultlib.extend
Compiling module xil_defaultlib.extend(WIDTH=12)
Compiling module xil_defaultlib.extend(WIDTH=16)
Compiling module xil_defaultlib.extend(WIDTH=20)
Compiling module xil_defaultlib.reduce
Compiling module xil_defaultlib.mux2
Compiling module xil_defaultlib.mux4
Compiling module xil_defaultlib.mux6
Compiling module xil_defaultlib.mul
Compiling module xil_defaultlib.adder
Compiling module xil_defaultlib.mux2r
Compiling module xil_defaultlib.mux4r
Compiling architecture synth of entity xbip_pipe_v3_0_4.xbip_pipe_v3_0_4_viv [\xbip_pipe_v3_0_4_viv(c_latency=...]
Compiling architecture synth of entity xbip_pipe_v3_0_4.xbip_pipe_v3_0_4_viv [\xbip_pipe_v3_0_4_viv(c_latency=...]
Compiling architecture synth of entity xbip_pipe_v3_0_4.xbip_pipe_v3_0_4_viv [\xbip_pipe_v3_0_4_viv(c_latency=...]
Compiling architecture synth of entity xbip_pipe_v3_0_4.xbip_pipe_v3_0_4_viv [\xbip_pipe_v3_0_4_viv(c_latency=...]
Compiling architecture muxcy_v of entity unisim.MUXCY [muxcy_default]
Compiling architecture xorcy_v of entity unisim.XORCY [xorcy_default]
Compiling architecture rtl of entity div_gen_v5_1_12.c_addsub_lut6 [\c_addsub_lut6(c_width=13,c_add_...]
Compiling architecture synth of entity div_gen_v5_1_12.c_addsub_viv [\c_addsub_viv(c_a_width=13,c_b_w...]
Compiling architecture virtex of entity div_gen_v5_1_12.addsubreg_v [\addsubreg_v(c_bus_width=13,c_ai...]
Compiling architecture synth of entity xbip_pipe_v3_0_4.xbip_pipe_v3_0_4_viv [\xbip_pipe_v3_0_4_viv(c_latency=...]
Compiling architecture synth of entity xbip_pipe_v3_0_4.xbip_pipe_v3_0_4_viv [\xbip_pipe_v3_0_4_viv(c_latency=...]
Compiling architecture synth of entity xbip_pipe_v3_0_4.xbip_pipe_v3_0_4_viv [\xbip_pipe_v3_0_4_viv(c_latency=...]
Compiling architecture synth of entity xbip_pipe_v3_0_4.xbip_pipe_v3_0_4_viv [\xbip_pipe_v3_0_4_viv(c_latency=...]
Compiling architecture synth of entity xbip_pipe_v3_0_4.xbip_pipe_v3_0_4_viv [\xbip_pipe_v3_0_4_viv(c_latency=...]
Compiling architecture synth of entity xbip_pipe_v3_0_4.xbip_pipe_v3_0_4_viv [\xbip_pipe_v3_0_4_viv(c_latency=...]
Compiling architecture synth of entity xbip_pipe_v3_0_4.xbip_pipe_v3_0_4_viv [\xbip_pipe_v3_0_4_viv(c_latency=...]
Compiling architecture synth of entity xbip_pipe_v3_0_4.xbip_pipe_v3_0_4_viv [\xbip_pipe_v3_0_4_viv(c_latency=...]
Compiling architecture synth of entity xbip_pipe_v3_0_4.xbip_pipe_v3_0_4_viv [\xbip_pipe_v3_0_4_viv(c_latency=...]
Compiling architecture synth of entity xbip_pipe_v3_0_4.xbip_pipe_v3_0_4_viv [\xbip_pipe_v3_0_4_viv(c_latency=...]
Compiling architecture synth of entity xbip_pipe_v3_0_4.xbip_pipe_v3_0_4_viv [\xbip_pipe_v3_0_4_viv(c_latency=...]
Compiling architecture synth of entity xbip_pipe_v3_0_4.xbip_pipe_v3_0_4_viv [\xbip_pipe_v3_0_4_viv(c_latency=...]
Compiling architecture synth of entity xbip_pipe_v3_0_4.xbip_pipe_v3_0_4_viv [\xbip_pipe_v3_0_4_viv(c_latency=...]
Compiling architecture synth of entity xbip_pipe_v3_0_4.xbip_pipe_v3_0_4_viv [\xbip_pipe_v3_0_4_viv(c_latency=...]
Compiling architecture synth of entity xbip_pipe_v3_0_4.xbip_pipe_v3_0_4_viv [\xbip_pipe_v3_0_4_viv(c_latency=...]
Compiling architecture synth of entity xbip_pipe_v3_0_4.xbip_pipe_v3_0_4_viv [\xbip_pipe_v3_0_4_viv(c_latency=...]
Compiling architecture synth of entity xbip_pipe_v3_0_4.xbip_pipe_v3_0_4_viv [\xbip_pipe_v3_0_4_viv(c_latency=...]
Compiling architecture synth of entity xbip_pipe_v3_0_4.xbip_pipe_v3_0_4_viv [\xbip_pipe_v3_0_4_viv(c_latency=...]
Compiling architecture synth of entity xbip_pipe_v3_0_4.xbip_pipe_v3_0_4_viv [\xbip_pipe_v3_0_4_viv(c_latency=...]
Compiling architecture synth of entity xbip_pipe_v3_0_4.xbip_pipe_v3_0_4_viv [\xbip_pipe_v3_0_4_viv(c_latency=...]
Compiling architecture synth of entity xbip_pipe_v3_0_4.xbip_pipe_v3_0_4_viv [\xbip_pipe_v3_0_4_viv(c_latency=...]
Compiling architecture synth of entity xbip_pipe_v3_0_4.xbip_pipe_v3_0_4_viv [\xbip_pipe_v3_0_4_viv(c_latency=...]
Compiling architecture synth of entity xbip_pipe_v3_0_4.xbip_pipe_v3_0_4_viv [\xbip_pipe_v3_0_4_viv(c_latency=...]
Compiling architecture synth of entity xbip_pipe_v3_0_4.xbip_pipe_v3_0_4_viv [\xbip_pipe_v3_0_4_viv(c_latency=...]
Compiling architecture synth of entity xbip_pipe_v3_0_4.xbip_pipe_v3_0_4_viv [\xbip_pipe_v3_0_4_viv(c_latency=...]
Compiling architecture synth of entity xbip_pipe_v3_0_4.xbip_pipe_v3_0_4_viv [\xbip_pipe_v3_0_4_viv(c_latency=...]
Compiling architecture synth of entity xbip_pipe_v3_0_4.xbip_pipe_v3_0_4_viv [\xbip_pipe_v3_0_4_viv(c_latency=...]
Compiling architecture synth of entity xbip_pipe_v3_0_4.xbip_pipe_v3_0_4_viv [\xbip_pipe_v3_0_4_viv(c_latency=...]
Compiling architecture synth of entity xbip_pipe_v3_0_4.xbip_pipe_v3_0_4_viv [\xbip_pipe_v3_0_4_viv(c_latency=...]
Compiling architecture virtex of entity div_gen_v5_1_12.dividervdc_v [\dividervdc_v(bus_num=12,bus_div...]
Compiling architecture synth of entity div_gen_v5_1_12.bip_sdivider_synth [\bip_sdivider_synth(c_xdevicefam...]
Compiling architecture synth of entity div_gen_v5_1_12.div_gen_synth [\div_gen_synth(c_xdevicefamily="...]
Compiling architecture synth of entity xbip_pipe_v3_0_4.xbip_pipe_v3_0_4_viv [\xbip_pipe_v3_0_4_viv(c_latency=...]
Compiling architecture synth of entity div_gen_v5_1_12.div_gen_v5_1_12_viv [\div_gen_v5_1_12_viv(c_xdevicefa...]
Compiling architecture xilinx of entity div_gen_v5_1_12.div_gen_v5_1_12 [\div_gen_v5_1_12(c_xdevicefamily...]
Compiling architecture div_gen_0_arch of entity xil_defaultlib.div_gen_0 [div_gen_0_default]
Compiling architecture synth of entity xbip_pipe_v3_0_4.xbip_pipe_v3_0_4_viv [\xbip_pipe_v3_0_4_viv(c_latency=...]
Compiling architecture struct_all of entity cordic_v6_0_13.delay [\delay(delay_len=1,family="artix...]
Compiling architecture rtl of entity c_addsub_v12_0_11.c_addsub_v12_0_11_lut6_legacy [\c_addsub_v12_0_11_lut6_legacy(c...]
Compiling architecture synth of entity c_addsub_v12_0_11.c_addsub_v12_0_11_fabric_legacy [\c_addsub_v12_0_11_fabric_legacy...]
Compiling architecture synth of entity c_addsub_v12_0_11.c_addsub_v12_0_11_legacy [\c_addsub_v12_0_11_legacy(c_fami...]
Compiling architecture synth of entity c_addsub_v12_0_11.c_addsub_v12_0_11_viv [\c_addsub_v12_0_11_viv(c_xdevice...]
Compiling architecture synth of entity cordic_v6_0_13.addsub [\addsub(family="artix7",add_mode...]
Compiling architecture struct_all of entity cordic_v6_0_13.delay [\delay(delay_len=1,family="artix...]
Compiling architecture struct_all of entity cordic_v6_0_13.delay [\delay(delay_len=2,family="artix...]
Compiling architecture synth of entity cordic_v6_0_13.cordic_sqrt_mod [\cordic_sqrt_mod(p_xdevicefamily...]
Compiling architecture struct_all of entity cordic_v6_0_13.delay [\delay(delay_len=0,family="artix...]
Compiling architecture rtl of entity c_addsub_v12_0_11.c_addsub_v12_0_11_lut6_legacy [\c_addsub_v12_0_11_lut6_legacy(c...]
Compiling architecture synth of entity c_addsub_v12_0_11.c_addsub_v12_0_11_fabric_legacy [\c_addsub_v12_0_11_fabric_legacy...]
Compiling architecture synth of entity c_addsub_v12_0_11.c_addsub_v12_0_11_legacy [\c_addsub_v12_0_11_legacy(c_fami...]
Compiling architecture synth of entity c_addsub_v12_0_11.c_addsub_v12_0_11_viv [\c_addsub_v12_0_11_viv(c_xdevice...]
Compiling architecture synth of entity cordic_v6_0_13.addsub [\addsub(family="artix7",add_mode...]
Compiling architecture struct_all of entity cordic_v6_0_13.delay [\delay(delay_len=0,family="artix...]
Compiling architecture struct_all of entity cordic_v6_0_13.delay [\delay(delay_len=3,family="artix...]
Compiling architecture synth of entity cordic_v6_0_13.cordic_sqrt_mod [\cordic_sqrt_mod(p_xdevicefamily...]
Compiling architecture struct_all of entity cordic_v6_0_13.delay [\delay(delay_len=0,family="artix...]
Compiling architecture rtl of entity c_addsub_v12_0_11.c_addsub_v12_0_11_lut6_legacy [\c_addsub_v12_0_11_lut6_legacy(c...]
Compiling architecture synth of entity c_addsub_v12_0_11.c_addsub_v12_0_11_fabric_legacy [\c_addsub_v12_0_11_fabric_legacy...]
Compiling architecture synth of entity c_addsub_v12_0_11.c_addsub_v12_0_11_legacy [\c_addsub_v12_0_11_legacy(c_fami...]
Compiling architecture synth of entity c_addsub_v12_0_11.c_addsub_v12_0_11_viv [\c_addsub_v12_0_11_viv(c_xdevice...]
Compiling architecture synth of entity cordic_v6_0_13.addsub [\addsub(family="artix7",add_mode...]
Compiling architecture struct_all of entity cordic_v6_0_13.delay [\delay(delay_len=0,family="artix...]
Compiling architecture synth of entity cordic_v6_0_13.cordic_sqrt_mod [\cordic_sqrt_mod(p_xdevicefamily...]
Compiling architecture struct_all of entity cordic_v6_0_13.delay [\delay(delay_len=1,family="artix...]
Compiling architecture rtl of entity c_addsub_v12_0_11.c_addsub_v12_0_11_lut6_legacy [\c_addsub_v12_0_11_lut6_legacy(c...]
Compiling architecture synth of entity c_addsub_v12_0_11.c_addsub_v12_0_11_fabric_legacy [\c_addsub_v12_0_11_fabric_legacy...]
Compiling architecture synth of entity c_addsub_v12_0_11.c_addsub_v12_0_11_legacy [\c_addsub_v12_0_11_legacy(c_fami...]
Compiling architecture synth of entity c_addsub_v12_0_11.c_addsub_v12_0_11_viv [\c_addsub_v12_0_11_viv(c_xdevice...]
Compiling architecture synth of entity cordic_v6_0_13.addsub [\addsub(family="artix7",add_mode...]
Compiling architecture struct_all of entity cordic_v6_0_13.delay [\delay(delay_len=1,family="artix...]
Compiling architecture synth of entity cordic_v6_0_13.cordic_sqrt_mod [\cordic_sqrt_mod(p_xdevicefamily...]
Compiling architecture struct_all of entity cordic_v6_0_13.delay [\delay(delay_len=1,family="artix...]
Compiling architecture rtl of entity c_addsub_v12_0_11.c_addsub_v12_0_11_lut6_legacy [\c_addsub_v12_0_11_lut6_legacy(c...]
Compiling architecture synth of entity c_addsub_v12_0_11.c_addsub_v12_0_11_fabric_legacy [\c_addsub_v12_0_11_fabric_legacy...]
Compiling architecture synth of entity c_addsub_v12_0_11.c_addsub_v12_0_11_legacy [\c_addsub_v12_0_11_legacy(c_fami...]
Compiling architecture synth of entity c_addsub_v12_0_11.c_addsub_v12_0_11_viv [\c_addsub_v12_0_11_viv(c_xdevice...]
Compiling architecture synth of entity cordic_v6_0_13.addsub [\addsub(family="artix7",add_mode...]
Compiling architecture struct_all of entity cordic_v6_0_13.delay [\delay(delay_len=1,family="artix...]
Compiling architecture struct_all of entity cordic_v6_0_13.delay [\delay(delay_len=1,family="artix...]
Compiling architecture synth of entity cordic_v6_0_13.cordic_sqrt_mod [\cordic_sqrt_mod(p_xdevicefamily...]
Compiling architecture struct_all of entity cordic_v6_0_13.delay [\delay(delay_len=0,family="artix...]
Compiling architecture rtl of entity c_addsub_v12_0_11.c_addsub_v12_0_11_lut6_legacy [\c_addsub_v12_0_11_lut6_legacy(c...]
Compiling architecture synth of entity c_addsub_v12_0_11.c_addsub_v12_0_11_fabric_legacy [\c_addsub_v12_0_11_fabric_legacy...]
Compiling architecture synth of entity c_addsub_v12_0_11.c_addsub_v12_0_11_legacy [\c_addsub_v12_0_11_legacy(c_fami...]
Compiling architecture synth of entity c_addsub_v12_0_11.c_addsub_v12_0_11_viv [\c_addsub_v12_0_11_viv(c_xdevice...]
Compiling architecture synth of entity cordic_v6_0_13.addsub [\addsub(family="artix7",add_mode...]
Compiling architecture struct_all of entity cordic_v6_0_13.delay [\delay(delay_len=0,family="artix...]
Compiling architecture struct_all of entity cordic_v6_0_13.delay [\delay(delay_len=4,family="artix...]
Compiling architecture synth of entity cordic_v6_0_13.cordic_sqrt_mod [\cordic_sqrt_mod(p_xdevicefamily...]
Compiling architecture struct_all of entity cordic_v6_0_13.delay [\delay(delay_len=0,family="artix...]
Compiling architecture rtl of entity c_addsub_v12_0_11.c_addsub_v12_0_11_lut6_legacy [\c_addsub_v12_0_11_lut6_legacy(c...]
Compiling architecture synth of entity c_addsub_v12_0_11.c_addsub_v12_0_11_fabric_legacy [\c_addsub_v12_0_11_fabric_legacy...]
Compiling architecture synth of entity c_addsub_v12_0_11.c_addsub_v12_0_11_legacy [\c_addsub_v12_0_11_legacy(c_fami...]
Compiling architecture synth of entity c_addsub_v12_0_11.c_addsub_v12_0_11_viv [\c_addsub_v12_0_11_viv(c_xdevice...]
Compiling architecture synth of entity cordic_v6_0_13.addsub [\addsub(family="artix7",add_mode...]
Compiling architecture struct_all of entity cordic_v6_0_13.delay [\delay(delay_len=0,family="artix...]
Compiling architecture synth of entity cordic_v6_0_13.cordic_sqrt_mod [\cordic_sqrt_mod(p_xdevicefamily...]
Compiling architecture struct_all of entity cordic_v6_0_13.delay [\delay(delay_len=1,family="artix...]
Compiling architecture rtl of entity c_addsub_v12_0_11.c_addsub_v12_0_11_lut6_legacy [\c_addsub_v12_0_11_lut6_legacy(c...]
Compiling architecture synth of entity c_addsub_v12_0_11.c_addsub_v12_0_11_fabric_legacy [\c_addsub_v12_0_11_fabric_legacy...]
Compiling architecture synth of entity c_addsub_v12_0_11.c_addsub_v12_0_11_legacy [\c_addsub_v12_0_11_legacy(c_fami...]
Compiling architecture synth of entity c_addsub_v12_0_11.c_addsub_v12_0_11_viv [\c_addsub_v12_0_11_viv(c_xdevice...]
Compiling architecture synth of entity cordic_v6_0_13.addsub [\addsub(family="artix7",add_mode...]
Compiling architecture struct_all of entity cordic_v6_0_13.delay [\delay(delay_len=1,family="artix...]
Compiling architecture synth of entity cordic_v6_0_13.cordic_sqrt_mod [\cordic_sqrt_mod(p_xdevicefamily...]
Compiling architecture struct_all of entity cordic_v6_0_13.delay [\delay(delay_len=1,family="artix...]
Compiling architecture rtl of entity c_addsub_v12_0_11.c_addsub_v12_0_11_lut6_legacy [\c_addsub_v12_0_11_lut6_legacy(c...]
Compiling architecture synth of entity c_addsub_v12_0_11.c_addsub_v12_0_11_fabric_legacy [\c_addsub_v12_0_11_fabric_legacy...]
Compiling architecture synth of entity c_addsub_v12_0_11.c_addsub_v12_0_11_legacy [\c_addsub_v12_0_11_legacy(c_fami...]
Compiling architecture synth of entity c_addsub_v12_0_11.c_addsub_v12_0_11_viv [\c_addsub_v12_0_11_viv(c_xdevice...]
Compiling architecture synth of entity cordic_v6_0_13.addsub [\addsub(family="artix7",add_mode...]
Compiling architecture struct_all of entity cordic_v6_0_13.delay [\delay(delay_len=1,family="artix...]
Compiling architecture struct_all of entity cordic_v6_0_13.delay [\delay(delay_len=0,family="artix...]
Compiling architecture synth of entity cordic_v6_0_13.cordic_sqrt_mod [\cordic_sqrt_mod(p_xdevicefamily...]
Compiling architecture rtl of entity c_addsub_v12_0_11.c_addsub_v12_0_11_lut6_legacy [\c_addsub_v12_0_11_lut6_legacy(c...]
Compiling architecture synth of entity c_addsub_v12_0_11.c_addsub_v12_0_11_fabric_legacy [\c_addsub_v12_0_11_fabric_legacy...]
Compiling architecture synth of entity c_addsub_v12_0_11.c_addsub_v12_0_11_legacy [\c_addsub_v12_0_11_legacy(c_fami...]
Compiling architecture synth of entity c_addsub_v12_0_11.c_addsub_v12_0_11_viv [\c_addsub_v12_0_11_viv(c_xdevice...]
Compiling architecture synth of entity cordic_v6_0_13.addsub [\addsub(family="artix7",add_mode...]
Compiling architecture struct_all of entity cordic_v6_0_13.delay [\delay(delay_len=0,family="artix...]
Compiling architecture struct_all of entity cordic_v6_0_13.delay [\delay(delay_len=5,family="artix...]
Compiling architecture synth of entity cordic_v6_0_13.cordic_sqrt_mod [\cordic_sqrt_mod(p_xdevicefamily...]
Compiling architecture struct_all of entity cordic_v6_0_13.delay [\delay(delay_len=0,family="artix...]
Compiling architecture struct_all of entity cordic_v6_0_13.delay_bit [\delay_bit(delay_len=0,family="a...]
Compiling architecture struct_all of entity cordic_v6_0_13.delay_bit [\delay_bit(delay_len=5,family="a...]
Compiling architecture synth of entity cordic_v6_0_13.cordic_sqrt [\cordic_sqrt(p_xdevicefamily="ar...]
Compiling architecture synth of entity cordic_v6_0_13.cordic_v6_0_13_synth [\cordic_v6_0_13_synth(c_architec...]
Compiling architecture synth of entity cordic_v6_0_13.cordic_v6_0_13_viv [\cordic_v6_0_13_viv(c_architectu...]
Compiling architecture xilinx of entity cordic_v6_0_13.cordic_v6_0_13 [\cordic_v6_0_13(c_architecture=2...]
Compiling architecture cordic_0_arch of entity xil_defaultlib.cordic_0 [cordic_0_default]
Compiling module xil_defaultlib.register
Compiling module xil_defaultlib.register(WIDTH=11)
Compiling module xil_defaultlib.register(WIDTH=12)
Compiling module xil_defaultlib.register(WIDTH=20)
Compiling module xil_defaultlib.Datapath
Compiling module xil_defaultlib.controller
Compiling module xil_defaultlib.Nahid
Compiling module xil_defaultlib.Nahid_tb
Compiling module xil_defaultlib.glbl
Built simulation snapshot Nahid_tb_behav
