
*** Running vivado
    with args -log div_gen_0.vds -m64 -product Vivado -mode batch -messageDb vivado.pb -notrace -source div_gen_0.tcl


****** Vivado v2017.2 (64-bit)
  **** SW Build 1909853 on Thu Jun 15 18:39:09 MDT 2017
  **** IP Build 1909766 on Thu Jun 15 19:58:00 MDT 2017
    ** Copyright 1986-2017 Xilinx, Inc. All Rights Reserved.

source div_gen_0.tcl -notrace
Starting RTL Elaboration : Time (s): cpu = 00:00:05 ; elapsed = 00:00:07 . Memory (MB): peak = 522.379 ; gain = 0.000
INFO: [Synth 8-638] synthesizing module 'div_gen_0' [c:/Users/pedro/Documents/arm7/tcc-arm7.srcs/sources_1/ip/div_gen_0/synth/div_gen_0.vhd:71]
INFO: [Synth 8-256] done synthesizing module 'div_gen_0' (12#1) [c:/Users/pedro/Documents/arm7/tcc-arm7.srcs/sources_1/ip/div_gen_0/synth/div_gen_0.vhd:71]
Finished RTL Elaboration : Time (s): cpu = 00:00:10 ; elapsed = 00:00:14 . Memory (MB): peak = 522.379 ; gain = 0.000
Finished RTL Optimization Phase 1 : Time (s): cpu = 00:00:10 ; elapsed = 00:00:15 . Memory (MB): peak = 522.379 ; gain = 0.000
INFO: [Device 21-403] Loading part xcku5p-ffvb676-2-e
Constraint Validation Runtime : Time (s): cpu = 00:00:00 ; elapsed = 00:00:00.445 . Memory (MB): peak = 1149.344 ; gain = 0.000
Finished Constraint Validation : Time (s): cpu = 00:00:25 ; elapsed = 00:00:40 . Memory (MB): peak = 1149.344 ; gain = 626.965
Finished Loading Part and Timing Information : Time (s): cpu = 00:00:25 ; elapsed = 00:00:41 . Memory (MB): peak = 1149.344 ; gain = 626.965
Finished applying 'set_property' XDC Constraints : Time (s): cpu = 00:00:25 ; elapsed = 00:00:41 . Memory (MB): peak = 1149.344 ; gain = 626.965
Finished RTL Optimization Phase 2 : Time (s): cpu = 00:00:26 ; elapsed = 00:00:42 . Memory (MB): peak = 1149.344 ; gain = 626.965
Finished Cross Boundary and Area Optimization : Time (s): cpu = 00:00:28 ; elapsed = 00:00:46 . Memory (MB): peak = 1149.344 ; gain = 626.965
Finished Applying XDC Timing Constraints : Time (s): cpu = 00:00:51 ; elapsed = 00:01:14 . Memory (MB): peak = 1716.539 ; gain = 1194.160
Finished Timing Optimization : Time (s): cpu = 00:00:52 ; elapsed = 00:01:15 . Memory (MB): peak = 1729.684 ; gain = 1207.305
Finished Technology Mapping : Time (s): cpu = 00:00:52 ; elapsed = 00:01:16 . Memory (MB): peak = 1741.832 ; gain = 1219.453
Finished IO Insertion : Time (s): cpu = 00:00:53 ; elapsed = 00:01:17 . Memory (MB): peak = 1741.832 ; gain = 1219.453
Finished Renaming Generated Instances : Time (s): cpu = 00:00:53 ; elapsed = 00:01:17 . Memory (MB): peak = 1741.832 ; gain = 1219.453
Finished Rebuilding User Hierarchy : Time (s): cpu = 00:00:54 ; elapsed = 00:01:18 . Memory (MB): peak = 1741.832 ; gain = 1219.453
Finished Renaming Generated Ports : Time (s): cpu = 00:00:54 ; elapsed = 00:01:18 . Memory (MB): peak = 1741.832 ; gain = 1219.453
Finished Handling Custom Attributes : Time (s): cpu = 00:00:54 ; elapsed = 00:01:18 . Memory (MB): peak = 1741.832 ; gain = 1219.453
Finished Renaming Generated Nets : Time (s): cpu = 00:00:54 ; elapsed = 00:01:18 . Memory (MB): peak = 1741.832 ; gain = 1219.453

Report Cell Usage: 
+------+--------+------+
|      |Cell    |Count |
+------+--------+------+
|1     |CARRY8  |     8|
|2     |LUT1    |    69|
|3     |LUT2    |    94|
|4     |LUT3    |   336|
|5     |LUT4    |     1|
|6     |LUT5    |     2|
|7     |LUT6    |     5|
|8     |MUXCY   |   364|
|9     |SRLC32E |     3|
|10    |XORCY   |   364|
|11    |FDRE    |  1451|
+------+--------+------+
Finished Writing Synthesis Report : Time (s): cpu = 00:00:54 ; elapsed = 00:01:18 . Memory (MB): peak = 1741.832 ; gain = 1219.453
synth_design: Time (s): cpu = 00:00:56 ; elapsed = 00:01:23 . Memory (MB): peak = 1767.504 ; gain = 1245.125
